<?xml version="1.0" encoding="UTF-8"?>
<!-- Generated by org.testng.reporters.JUnitReportReporter -->
<testsuite hostname="FX-JSJ880" name="com.test.testcase.TestUI" tests="1" failures="0" timestamp="9 Mar 2015 08:13:18 GMT" time="1.803" errors="0">
  <testcase name="testUI" time="1.803" classname="com.test.testcase.TestUI"/>
</testsuite> <!-- com.test.testcase.TestUI -->
